# JRE version: Java(TM) SE Runtime Environment (8.0_45-b15) (build 1.8.0_45-b15)
# Java VM: Java HotSpot(TM) 64-Bit Server VM (25.45-b02 mixed mode windows-amd64 compressed oops)
Heap:
 PSYoungGen      total 33280K, used 18157K [0x00000000ec600000, 0x00000000ee900000, 0x0000000100000000)
  eden space 30720K, 50% used [0x00000000ec600000,0x00000000ed541d80,0x00000000ee400000)
  from space 2560K, 99% used [0x00000000ee400000,0x00000000ee679a68,0x00000000ee680000)
  to   space 2560K, 0% used [0x00000000ee680000,0x00000000ee680000,0x00000000ee900000)
 ParOldGen       total 33280K, used 8183K [0x00000000c5200000, 0x00000000c7280000, 0x00000000ec600000)
  object space 33280K, 24% used [0x00000000c5200000,0x00000000c59fdd48,0x00000000c7280000)
 Metaspace       used 26680K, capacity 26976K, committed 27392K, reserved 1073152K
  class space    used 3405K, capacity 3503K, committed 3584K, reserved 1048576K
GC Heap History (10 events):
Event: 1.543 GC heap before
{Heap before GC invocations=4 (full 0):
 PSYoungGen      total 17920K, used 17902K [0x00000000ec600000, 0x00000000ee900000, 0x0000000100000000)
  eden space 15360K, 100% used [0x00000000ec600000,0x00000000ed500000,0x00000000ed500000)
  from space 2560K, 99% used [0x00000000ed500000,0x00000000ed77b830,0x00000000ed780000)
  to   space 2560K, 0% used [0x00000000ee680000,0x00000000ee680000,0x00000000ee900000)
 ParOldGen       total 40960K, used 2249K [0x00000000c5200000, 0x00000000c7a00000, 0x00000000ec600000)
  object space 40960K, 5% used [0x00000000c5200000,0x00000000c5432450,0x00000000c7a00000)
 Metaspace       used 12338K, capacity 12566K, committed 12672K, reserved 1060864K
  class space    used 1587K, capacity 1625K, committed 1664K, reserved 1048576K
Event: 1.551 GC heap after
Heap after GC invocations=4 (full 0):
 PSYoungGen      total 33280K, used 2553K [0x00000000ec600000, 0x00000000ee900000, 0x0000000100000000)
  eden space 30720K, 0% used [0x00000000ec600000,0x00000000ec600000,0x00000000ee400000)
  from space 2560K, 99% used [0x00000000ee680000,0x00000000ee8fe7e8,0x00000000ee900000)
  to   space 2560K, 0% used [0x00000000ee400000,0x00000000ee400000,0x00000000ee680000)
 ParOldGen       total 40960K, used 4403K [0x00000000c5200000, 0x00000000c7a00000, 0x00000000ec600000)
  object space 40960K, 10% used [0x00000000c5200000,0x00000000c564cd68,0x00000000c7a00000)
 Metaspace       used 12338K, capacity 12566K, committed 12672K, reserved 1060864K
  class space    used 1587K, capacity 1625K, committed 1664K, reserved 1048576K
}
Event: 2.208 GC heap before
{Heap before GC invocations=5 (full 0):
 PSYoungGen      total 33280K, used 33273K [0x00000000ec600000, 0x00000000ee900000, 0x0000000100000000)
  eden space 30720K, 100% used [0x00000000ec600000,0x00000000ee400000,0x00000000ee400000)
  from space 2560K, 99% used [0x00000000ee680000,0x00000000ee8fe7e8,0x00000000ee900000)
  to   space 2560K, 0% used [0x00000000ee400000,0x00000000ee400000,0x00000000ee680000)
 ParOldGen       total 40960K, used 4403K [0x00000000c5200000, 0x00000000c7a00000, 0x00000000ec600000)
  object space 40960K, 10% used [0x00000000c5200000,0x00000000c564cd68,0x00000000c7a00000)
 Metaspace       used 16638K, capacity 16840K, committed 17024K, reserved 1064960K
  class space    used 2076K, capacity 2108K, committed 2176K, reserved 1048576K
Event: 2.219 GC heap after
Heap after GC invocations=5 (full 0):
 PSYoungGen      total 33280K, used 2536K [0x00000000ec600000, 0x00000000ee900000, 0x0000000100000000)
  eden space 30720K, 0% used [0x00000000ec600000,0x00000000ec600000,0x00000000ee400000)
  from space 2560K, 99% used [0x00000000ee400000,0x00000000ee67a0c0,0x00000000ee680000)
  to   space 2560K, 0% used [0x00000000ee680000,0x00000000ee680000,0x00000000ee900000)
 ParOldGen       total 40960K, used 8863K [0x00000000c5200000, 0x00000000c7a00000, 0x00000000ec600000)
  object space 40960K, 21% used [0x00000000c5200000,0x00000000c5aa7db8,0x00000000c7a00000)
 Metaspace       used 16638K, capacity 16840K, committed 17024K, reserved 1064960K
  class space    used 2076K, capacity 2108K, committed 2176K, reserved 1048576K
}
Event: 3.383 GC heap before
{Heap before GC invocations=6 (full 0):
 PSYoungGen      total 33280K, used 24872K [0x00000000ec600000, 0x00000000ee900000, 0x0000000100000000)
  eden space 30720K, 72% used [0x00000000ec600000,0x00000000edbd00e8,0x00000000ee400000)
  from space 2560K, 99% used [0x00000000ee400000,0x00000000ee67a0c0,0x00000000ee680000)
  to   space 2560K, 0% used [0x00000000ee680000,0x00000000ee680000,0x00000000ee900000)
 ParOldGen       total 40960K, used 8863K [0x00000000c5200000, 0x00000000c7a00000, 0x00000000ec600000)
  object space 40960K, 21% used [0x00000000c5200000,0x00000000c5aa7db8,0x00000000c7a00000)
 Metaspace       used 20867K, capacity 21110K, committed 21296K, reserved 1069056K
  class space    used 2612K, capacity 2659K, committed 2688K, reserved 1048576K
Event: 3.391 GC heap after
Heap after GC invocations=6 (full 0):
 PSYoungGen      total 33280K, used 2548K [0x00000000ec600000, 0x00000000ee900000, 0x0000000100000000)
  eden space 30720K, 0% used [0x00000000ec600000,0x00000000ec600000,0x00000000ee400000)
  from space 2560K, 99% used [0x00000000ee680000,0x00000000ee8fd048,0x00000000ee900000)
  to   space 2560K, 0% used [0x00000000ee400000,0x00000000ee400000,0x00000000ee680000)
 ParOldGen       total 40960K, used 11251K [0x00000000c5200000, 0x00000000c7a00000, 0x00000000ec600000)
  object space 40960K, 27% used [0x00000000c5200000,0x00000000c5cfcf18,0x00000000c7a00000)
 Metaspace       used 20867K, capacity 21110K, committed 21296K, reserved 1069056K
  class space    used 2612K, capacity 2659K, committed 2688K, reserved 1048576K
}
Event: 3.391 GC heap before
{Heap before GC invocations=7 (full 1):
 PSYoungGen      total 33280K, used 2548K [0x00000000ec600000, 0x00000000ee900000, 0x0000000100000000)
  eden space 30720K, 0% used [0x00000000ec600000,0x00000000ec600000,0x00000000ee400000)
  from space 2560K, 99% used [0x00000000ee680000,0x00000000ee8fd048,0x00000000ee900000)
  to   space 2560K, 0% used [0x00000000ee400000,0x00000000ee400000,0x00000000ee680000)
 ParOldGen       total 40960K, used 11251K [0x00000000c5200000, 0x00000000c7a00000, 0x00000000ec600000)
  object space 40960K, 27% used [0x00000000c5200000,0x00000000c5cfcf18,0x00000000c7a00000)
 Metaspace       used 20867K, capacity 21110K, committed 21296K, reserved 1069056K
  class space    used 2612K, capacity 2659K, committed 2688K, reserved 1048576K
Event: 3.435 GC heap after
Heap after GC invocations=7 (full 1):
 PSYoungGen      total 33280K, used 0K [0x00000000ec600000, 0x00000000ee900000, 0x0000000100000000)
  eden space 30720K, 0% used [0x00000000ec600000,0x00000000ec600000,0x00000000ee400000)
  from space 2560K, 0% used [0x00000000ee680000,0x00000000ee680000,0x00000000ee900000)
  to   space 2560K, 0% used [0x00000000ee400000,0x00000000ee400000,0x00000000ee680000)
 ParOldGen       total 33280K, used 5959K [0x00000000c5200000, 0x00000000c7280000, 0x00000000ec600000)
  object space 33280K, 17% used [0x00000000c5200000,0x00000000c57d1c40,0x00000000c7280000)
 Metaspace       used 20867K, capacity 21110K, committed 21296K, reserved 1069056K
  class space    used 2612K, capacity 2659K, committed 2688K, reserved 1048576K
}
Event: 4.078 GC heap before
{Heap before GC invocations=8 (full 1):
 PSYoungGen      total 33280K, used 30703K [0x00000000ec600000, 0x00000000ee900000, 0x0000000100000000)
  eden space 30720K, 99% used [0x00000000ec600000,0x00000000ee3fbe38,0x00000000ee400000)
  from space 2560K, 0% used [0x00000000ee680000,0x00000000ee680000,0x00000000ee900000)
  to   space 2560K, 0% used [0x00000000ee400000,0x00000000ee400000,0x00000000ee680000)
 ParOldGen       total 33280K, used 5959K [0x00000000c5200000, 0x00000000c7280000, 0x00000000ec600000)
  object space 33280K, 17% used [0x00000000c5200000,0x00000000c57d1c40,0x00000000c7280000)
 Metaspace       used 25223K, capacity 25464K, committed 25728K, reserved 1071104K
  class space    used 3239K, capacity 3340K, committed 3456K, reserved 1048576K
Event: 4.086 GC heap after
Heap after GC invocations=8 (full 1):
 PSYoungGen      total 33280K, used 2534K [0x00000000ec600000, 0x00000000ee900000, 0x0000000100000000)
  eden space 30720K, 0% used [0x00000000ec600000,0x00000000ec600000,0x00000000ee400000)
  from space 2560K, 99% used [0x00000000ee400000,0x00000000ee679a68,0x00000000ee680000)
  to   space 2560K, 0% used [0x00000000ee680000,0x00000000ee680000,0x00000000ee900000)
 ParOldGen       total 33280K, used 8183K [0x00000000c5200000, 0x00000000c7280000, 0x00000000ec600000)
  object space 33280K, 24% used [0x00000000c5200000,0x00000000c59fdd48,0x00000000c7280000)
 Metaspace       used 25223K, capacity 25464K, committed 25728K, reserved 1071104K
  class space    used 3239K, capacity 3340K, committed 3456K, reserved 1048576K
}

