# JRE version: Java(TM) SE Runtime Environment (8.0_45-b15) (build 1.8.0_45-b15)
# Java VM: Java HotSpot(TM) 64-Bit Server VM (25.45-b02 mixed mode windows-amd64 compressed oops)
Heap:
 PSYoungGen      total 131584K, used 85673K [0x00000000ec600000, 0x00000000fa000000, 0x0000000100000000)
  eden space 120832K, 70% used [0x00000000ec600000,0x00000000f19aa420,0x00000000f3c00000)
  from space 10752K, 0% used [0x00000000f3c00000,0x00000000f3c00000,0x00000000f4680000)
  to   space 14848K, 0% used [0x00000000f9180000,0x00000000f9180000,0x00000000fa000000)
 ParOldGen       total 48128K, used 22263K [0x00000000c5200000, 0x00000000c8100000, 0x00000000ec600000)
  object space 48128K, 46% used [0x00000000c5200000,0x00000000c67bdd08,0x00000000c8100000)
 Metaspace       used 22867K, capacity 23482K, committed 23680K, reserved 1071104K
  class space    used 2712K, capacity 2894K, committed 2944K, reserved 1048576K
GC Heap History (10 events):
Event: 3.626 GC heap before
{Heap before GC invocations=6 (full 0):
 PSYoungGen      total 33280K, used 33248K [0x00000000ec600000, 0x00000000f1100000, 0x0000000100000000)
  eden space 30720K, 100% used [0x00000000ec600000,0x00000000ee400000,0x00000000ee400000)
  from space 2560K, 98% used [0x00000000ee400000,0x00000000ee678020,0x00000000ee680000)
  to   space 7680K, 0% used [0x00000000f0980000,0x00000000f0980000,0x00000000f1100000)
 ParOldGen       total 40960K, used 9334K [0x00000000c5200000, 0x00000000c7a00000, 0x00000000ec600000)
  object space 40960K, 22% used [0x00000000c5200000,0x00000000c5b1d8a0,0x00000000c7a00000)
 Metaspace       used 14718K, capacity 15006K, committed 15232K, reserved 1062912K
  class space    used 1783K, capacity 1887K, committed 1920K, reserved 1048576K
Event: 3.639 GC heap after
Heap after GC invocations=6 (full 0):
 PSYoungGen      total 68096K, used 4592K [0x00000000ec600000, 0x00000000f1000000, 0x0000000100000000)
  eden space 61440K, 0% used [0x00000000ec600000,0x00000000ec600000,0x00000000f0200000)
  from space 6656K, 68% used [0x00000000f0980000,0x00000000f0dfc030,0x00000000f1000000)
  to   space 7168K, 0% used [0x00000000f0200000,0x00000000f0200000,0x00000000f0900000)
 ParOldGen       total 40960K, used 9334K [0x00000000c5200000, 0x00000000c7a00000, 0x00000000ec600000)
  object space 40960K, 22% used [0x00000000c5200000,0x00000000c5b1d8a0,0x00000000c7a00000)
 Metaspace       used 14718K, capacity 15006K, committed 15232K, reserved 1062912K
  class space    used 1783K, capacity 1887K, committed 1920K, reserved 1048576K
}
Event: 5.196 GC heap before
{Heap before GC invocations=7 (full 0):
 PSYoungGen      total 68096K, used 66032K [0x00000000ec600000, 0x00000000f1000000, 0x0000000100000000)
  eden space 61440K, 100% used [0x00000000ec600000,0x00000000f0200000,0x00000000f0200000)
  from space 6656K, 68% used [0x00000000f0980000,0x00000000f0dfc030,0x00000000f1000000)
  to   space 7168K, 0% used [0x00000000f0200000,0x00000000f0200000,0x00000000f0900000)
 ParOldGen       total 40960K, used 9334K [0x00000000c5200000, 0x00000000c7a00000, 0x00000000ec600000)
  object space 40960K, 22% used [0x00000000c5200000,0x00000000c5b1d8a0,0x00000000c7a00000)
 Metaspace       used 15624K, capacity 16134K, committed 16384K, reserved 1062912K
  class space    used 1869K, capacity 2003K, committed 2048K, reserved 1048576K
Event: 5.218 GC heap after
Heap after GC invocations=7 (full 0):
 PSYoungGen      total 68608K, used 7152K [0x00000000ec600000, 0x00000000f4f00000, 0x0000000100000000)
  eden space 61440K, 0% used [0x00000000ec600000,0x00000000ec600000,0x00000000f0200000)
  from space 7168K, 99% used [0x00000000f0200000,0x00000000f08fc010,0x00000000f0900000)
  to   space 8704K, 0% used [0x00000000f4680000,0x00000000f4680000,0x00000000f4f00000)
 ParOldGen       total 40960K, used 10175K [0x00000000c5200000, 0x00000000c7a00000, 0x00000000ec600000)
  object space 40960K, 24% used [0x00000000c5200000,0x00000000c5befe80,0x00000000c7a00000)
 Metaspace       used 15624K, capacity 16134K, committed 16384K, reserved 1062912K
  class space    used 1869K, capacity 2003K, committed 2048K, reserved 1048576K
}
Event: 7.146 GC heap before
{Heap before GC invocations=8 (full 0):
 PSYoungGen      total 68608K, used 68592K [0x00000000ec600000, 0x00000000f4f00000, 0x0000000100000000)
  eden space 61440K, 100% used [0x00000000ec600000,0x00000000f0200000,0x00000000f0200000)
  from space 7168K, 99% used [0x00000000f0200000,0x00000000f08fc010,0x00000000f0900000)
  to   space 8704K, 0% used [0x00000000f4680000,0x00000000f4680000,0x00000000f4f00000)
 ParOldGen       total 40960K, used 10175K [0x00000000c5200000, 0x00000000c7a00000, 0x00000000ec600000)
  object space 40960K, 24% used [0x00000000c5200000,0x00000000c5befe80,0x00000000c7a00000)
 Metaspace       used 19981K, capacity 20482K, committed 20736K, reserved 1067008K
  class space    used 2403K, capacity 2539K, committed 2560K, reserved 1048576K
Event: 7.219 GC heap after
Heap after GC invocations=8 (full 0):
 PSYoungGen      total 129536K, used 8675K [0x00000000ec600000, 0x00000000f5300000, 0x0000000100000000)
  eden space 120832K, 0% used [0x00000000ec600000,0x00000000ec600000,0x00000000f3c00000)
  from space 8704K, 99% used [0x00000000f4680000,0x00000000f4ef8e88,0x00000000f4f00000)
  to   space 10752K, 0% used [0x00000000f3c00000,0x00000000f3c00000,0x00000000f4680000)
 ParOldGen       total 40960K, used 12472K [0x00000000c5200000, 0x00000000c7a00000, 0x00000000ec600000)
  object space 40960K, 30% used [0x00000000c5200000,0x00000000c5e2e218,0x00000000c7a00000)
 Metaspace       used 19981K, capacity 20482K, committed 20736K, reserved 1067008K
  class space    used 2403K, capacity 2539K, committed 2560K, reserved 1048576K
}
Event: 7.644 GC heap before
{Heap before GC invocations=9 (full 0):
 PSYoungGen      total 129536K, used 31379K [0x00000000ec600000, 0x00000000f5300000, 0x0000000100000000)
  eden space 120832K, 18% used [0x00000000ec600000,0x00000000edc2bf38,0x00000000f3c00000)
  from space 8704K, 99% used [0x00000000f4680000,0x00000000f4ef8e88,0x00000000f4f00000)
  to   space 10752K, 0% used [0x00000000f3c00000,0x00000000f3c00000,0x00000000f4680000)
 ParOldGen       total 40960K, used 12472K [0x00000000c5200000, 0x00000000c7a00000, 0x00000000ec600000)
  object space 40960K, 30% used [0x00000000c5200000,0x00000000c5e2e218,0x00000000c7a00000)
 Metaspace       used 20616K, capacity 21154K, committed 21296K, reserved 1069056K
  class space    used 2475K, capacity 2635K, committed 2688K, reserved 1048576K
Event: 7.738 GC heap after
Heap after GC invocations=9 (full 0):
 PSYoungGen      total 131584K, used 10740K [0x00000000ec600000, 0x00000000fa000000, 0x0000000100000000)
  eden space 120832K, 0% used [0x00000000ec600000,0x00000000ec600000,0x00000000f3c00000)
  from space 10752K, 99% used [0x00000000f3c00000,0x00000000f467d210,0x00000000f4680000)
  to   space 14848K, 0% used [0x00000000f9180000,0x00000000f9180000,0x00000000fa000000)
 ParOldGen       total 40960K, used 18530K [0x00000000c5200000, 0x00000000c7a00000, 0x00000000ec600000)
  object space 40960K, 45% used [0x00000000c5200000,0x00000000c64189c8,0x00000000c7a00000)
 Metaspace       used 20616K, capacity 21154K, committed 21296K, reserved 1069056K
  class space    used 2475K, capacity 2635K, committed 2688K, reserved 1048576K
}
Event: 7.738 GC heap before
{Heap before GC invocations=10 (full 1):
 PSYoungGen      total 131584K, used 10740K [0x00000000ec600000, 0x00000000fa000000, 0x0000000100000000)
  eden space 120832K, 0% used [0x00000000ec600000,0x00000000ec600000,0x00000000f3c00000)
  from space 10752K, 99% used [0x00000000f3c00000,0x00000000f467d210,0x00000000f4680000)
  to   space 14848K, 0% used [0x00000000f9180000,0x00000000f9180000,0x00000000fa000000)
 ParOldGen       total 40960K, used 18530K [0x00000000c5200000, 0x00000000c7a00000, 0x00000000ec600000)
  object space 40960K, 45% used [0x00000000c5200000,0x00000000c64189c8,0x00000000c7a00000)
 Metaspace       used 20616K, capacity 21154K, committed 21296K, reserved 1069056K
  class space    used 2475K, capacity 2635K, committed 2688K, reserved 1048576K
Event: 7.920 GC heap after
Heap after GC invocations=10 (full 1):
 PSYoungGen      total 131584K, used 0K [0x00000000ec600000, 0x00000000fa000000, 0x0000000100000000)
  eden space 120832K, 0% used [0x00000000ec600000,0x00000000ec600000,0x00000000f3c00000)
  from space 10752K, 0% used [0x00000000f3c00000,0x00000000f3c00000,0x00000000f4680000)
  to   space 14848K, 0% used [0x00000000f9180000,0x00000000f9180000,0x00000000fa000000)
 ParOldGen       total 48128K, used 22263K [0x00000000c5200000, 0x00000000c8100000, 0x00000000ec600000)
  object space 48128K, 46% used [0x00000000c5200000,0x00000000c67bdd08,0x00000000c8100000)
 Metaspace       used 20616K, capacity 21154K, committed 21296K, reserved 1069056K
  class space    used 2475K, capacity 2635K, committed 2688K, reserved 1048576K
}

